<?xml version="1.0" encoding="UTF-8"?>
<!-- Generated by org.testng.reporters.JUnitReportReporter -->
<testsuite skipped="0" hostname="DESKTOP-PJ5JRQT" name="Extentreport.Report" tests="1" failures="0" timestamp="02 Feb 2024 13:44:14 GMT" time="1.481" errors="0">
  <testcase name="repoort" time="1.481" classname="Extentreport.Report"/>
</testsuite> <!-- Extentreport.Report -->
