<?xml version="1.0" encoding="UTF-8"?>
<!-- Generated by org.testng.reporters.JUnitReportReporter -->
<testsuite skipped="0" hostname="DESKTOP-PJ5JRQT" name="RestAssured.RestAssured.GET_Authrizatin" tests="2" failures="0" timestamp="02 Feb 2024 05:53:37 GMT" time="9.154" errors="0">
  <testcase name="getAuth" time="8.141" classname="RestAssured.RestAssured.GET_Authrizatin"/>
  <testcase name="put" time="1.013" classname="RestAssured.RestAssured.GET_Authrizatin"/>
</testsuite> <!-- RestAssured.RestAssured.GET_Authrizatin -->
