<?xml version="1.0" encoding="UTF-8"?>
<!-- Generated by org.testng.reporters.JUnitReportReporter -->
<testsuite skipped="0" hostname="DESKTOP-PJ5JRQT" name="com.restassured.requestchaining.POST_Requestchaining" tests="2" failures="0" timestamp="02 Feb 2024 04:46:51 GMT" time="9.031" errors="0">
  <testcase name="POSAuth" time="1.103" classname="com.restassured.requestchaining.POST_Requestchaining"/>
  <testcase name="POSAuth" time="7.928" classname="com.restassured.requestchaining.POST_Requestchaining"/>
</testsuite> <!-- com.restassured.requestchaining.POST_Requestchaining -->
